[CG: Trying to load compiled KB.]
[Error. No compiled kb for kb.dll .]
[Loading interpreted kb.]
[readKB:]
[readKB: path=C:\git\nlp\analyzers\EclTmLanguage\kb\user]
[READ KB time=0.007 sec]
[path_to_con: Concept not found.]
[name=*keyword*]
[namech=k]
[add hier: Hierarchy already exists.]
[add hier: Hierarchy already exists.]
[add hier: Hierarchy already exists.]
[add hier: Hierarchy already exists.]
[add hier: Hierarchy already exists.]
[add hier: Hierarchy already exists.]
[add hier: Hierarchy already exists.]
[add hier: Hierarchy already exists.]
[add hier: Hierarchy already exists.]
[add hier: Hierarchy already exists.]
[add hier: Hierarchy already exists.]
[add hier: Hierarchy already exists.]
[add hier: Hierarchy already exists.]
[add hier: Hierarchy already exists.]
[add hier: Hierarchy already exists.]
[add hier: Hierarchy already exists.]
[add hier: Hierarchy already exists.]
[add hier: Hierarchy already exists.]
[add hier: Hierarchy already exists.]
[add hier: Hierarchy already exists.]
